<?xml version="1.0" encoding="UTF-8"?>
<!-- Generated by org.testng.reporters.JUnitXMLReporter -->
<testsuite ignored="3" hostname="DESKTOP-5G27C1H" failures="0" tests="4" name="Test" time="0.116" errors="0" timestamp="2023-04-02T09:58:25 IST">
  <testcase classname="TESTNG.TestNG_Group" name="TC1" time="0.018"/>
  <testcase classname="TESTNG.TestNG_Group" name="TC4" time="0.003"/>
  <testcase classname="TESTNG.TestNG_Group" name="TC5" time="0.002"/>
  <testcase classname="TESTNG.TestNG_Group" name="TC7" time="0.005"/>
  <testcase classname="TESTNG.TestNG_Group" name="TC2" time="0.0">
    <ignored/>
  </testcase> <!-- TC2 -->
  <testcase classname="TESTNG.TestNG_Group" name="TC6" time="0.0">
    <ignored/>
  </testcase> <!-- TC6 -->
  <testcase classname="TESTNG.TestNG_Group" name="TC3" time="0.0">
    <ignored/>
  </testcase> <!-- TC3 -->
</testsuite> <!-- Test -->
