<?xml version="1.0" encoding="UTF-8"?>
<!-- Generated by org.testng.reporters.JUnitXMLReporter -->
<testsuite ignored="0" hostname="DESKTOP-5G27C1H" failures="0" tests="10" name="Test" time="0.155" errors="0" timestamp="2023-04-01T22:51:22 IST">
  <testcase classname="TESTNG.Sample1" name="TC1" time="0.018"/>
  <testcase classname="TESTNG.Sample1" name="TC2" time="0.003"/>
  <testcase classname="TESTNG.Sample1" name="TC3" time="0.004"/>
  <testcase classname="TESTNG.Sample2" name="TC4" time="0.003"/>
  <testcase classname="TESTNG.Sample2" name="TC5" time="0.004"/>
  <testcase classname="TESTNG.Sample2" name="TC6" time="0.008"/>
  <testcase classname="TESTNG.Sample2" name="TC7" time="0.003"/>
  <testcase classname="TESTNG.Sample3" name="TC10" time="0.004"/>
  <testcase classname="TESTNG.Sample3" name="TC8" time="0.003"/>
  <testcase classname="TESTNG.Sample3" name="TC9" time="0.009"/>
</testsuite> <!-- Test -->
