<?xml version="1.0" encoding="UTF-8"?>
<!-- Generated by org.testng.reporters.JUnitXMLReporter -->
<testsuite ignored="3" hostname="DESKTOP-5G27C1H" failures="0" tests="1" name="Test(failed)(failed)" time="0.08" errors="0" timestamp="2023-04-01T22:55:31 IST">
  <testcase classname="TESTNG.Sample2" name="TC4" time="0.019"/>
  <testcase classname="TESTNG.Sample2" name="TC7" time="0.0">
    <ignored/>
  </testcase> <!-- TC7 -->
  <testcase classname="TESTNG.Sample2" name="TC5" time="0.0">
    <ignored/>
  </testcase> <!-- TC5 -->
  <testcase classname="TESTNG.Sample2" name="TC6" time="0.0">
    <ignored/>
  </testcase> <!-- TC6 -->
</testsuite> <!-- Test(failed)(failed) -->
